# Push Log for NarcStudy_ElenaByron
# Generated by gitfield-sync

[2025-06-02 20:18:42] Radicle: https://app.radicle.xyz/nodes/ash.radicle.garden/rad:z45QC21eWL1F43VSbnV9AZbCZrHQJ
[2025-06-02 23:36:45] Radicle: https://app.radicle.xyz/nodes/ash.radicle.garden/rad:z45QC21eWL1F43VSbnV9AZbCZrHQJ
[2025-06-02 23:38:29] GitLab: https://gitlab.com/mrhavens/NarcStudy_ElenaByron
[2025-06-02 23:38:41] Bitbucket: https://bitbucket.org/thefoldwithin/NarcStudy_ElenaByron
[2025-06-02 23:40:12] GitHub: https://github.com/mrhavens/NarcStudy_ElenaByron
[2025-06-02 23:40:12] Radicle: https://app.radicle.xyz/nodes/ash.radicle.garden/rad:z45QC21eWL1F43VSbnV9AZbCZrHQJ
[2025-06-02 23:40:23] GitLab: https://gitlab.com/mrhavens/NarcStudy_ElenaByron
[2025-06-02 23:40:35] Bitbucket: https://bitbucket.org/thefoldwithin/NarcStudy_ElenaByron
[2025-06-02 23:40:47] GitHub: https://github.com/mrhavens/NarcStudy_ElenaByron
[2025-06-02 23:40:47] Radicle: https://app.radicle.xyz/nodes/ash.radicle.garden/rad:z45QC21eWL1F43VSbnV9AZbCZrHQJ
[2025-06-02 23:40:59] GitLab: https://gitlab.com/mrhavens/NarcStudy_ElenaByron
[2025-06-02 23:41:11] Bitbucket: https://bitbucket.org/thefoldwithin/NarcStudy_ElenaByron
[2025-06-02 23:41:23] GitHub: https://github.com/mrhavens/NarcStudy_ElenaByron
[2025-06-04 18:00:49] Radicle: https://app.radicle.xyz/nodes/ash.radicle.garden/rad:z45QC21eWL1F43VSbnV9AZbCZrHQJ
[2025-06-04 18:01:09] GitLab: https://gitlab.com/mrhavens/NarcStudy_ElenaByron
[2025-06-04 18:01:33] Bitbucket: https://bitbucket.org/thefoldwithin/NarcStudy_ElenaByron
[2025-06-04 18:01:48] GitHub: https://github.com/mrhavens/NarcStudy_ElenaByron
[2025-06-04 18:01:48] Radicle: https://app.radicle.xyz/nodes/ash.radicle.garden/rad:z45QC21eWL1F43VSbnV9AZbCZrHQJ
[2025-06-04 18:02:10] GitLab: https://gitlab.com/mrhavens/NarcStudy_ElenaByron
[2025-06-04 18:02:35] Bitbucket: https://bitbucket.org/thefoldwithin/NarcStudy_ElenaByron
[2025-06-04 18:02:53] GitHub: https://github.com/mrhavens/NarcStudy_ElenaByron
[2025-06-04 18:02:53] Radicle: https://app.radicle.xyz/nodes/ash.radicle.garden/rad:z45QC21eWL1F43VSbnV9AZbCZrHQJ
[2025-06-04 18:03:17] GitLab: https://gitlab.com/mrhavens/NarcStudy_ElenaByron
